<?xml version="1.0" encoding="UTF-8"?>
<!-- Generated by org.testng.reporters.JUnitXMLReporter -->
<testsuite ignored="0" hostname="192.168.1.7" failures="0" tests="3" name="Test" time="44.392" errors="0" timestamp="2024-11-06T13:27:08 ICT">
  <testcase classname="buyProducts.buyVegetables2" name="buyVegan" time="6.046"/>
  <testcase classname="buyProducts.buyVegetables3" name="buyVegan" time="5.821"/>
  <testcase classname="buyProducts.buyVegetables4" name="buyVegan" time="5.244"/>
</testsuite> <!-- Test -->
