<?xml version="1.0" encoding="UTF-8"?>
<testng-results ignored="0" total="5" passed="5" failed="0" skipped="0">
  <reporter-output>
  </reporter-output>
  <suite started-at="2024-11-05T13:00:42 ICT" name="Buy Vegetables" finished-at="2024-11-05T13:01:18 ICT" duration-ms="36041">
    <groups>
    </groups>
    <test started-at="2024-11-05T13:00:42 ICT" name="Test2" finished-at="2024-11-05T13:01:01 ICT" duration-ms="18600">
      <class name="buyProducts.buyVegetables5">
        <test-method is-config="true" signature="toGo()[pri:0, instance:buyProducts.buyVegetables5@65b3a85a]" started-at="2024-11-05T13:00:42 ICT" name="toGo" finished-at="2024-11-05T13:00:44 ICT" duration-ms="2176" status="PASS">
          <reporter-output>
          </reporter-output>
        </test-method> <!-- toGo -->
        <test-method signature="buyVegan()[pri:0, instance:buyProducts.buyVegetables5@65b3a85a]" started-at="2024-11-05T13:00:47 ICT" name="buyVegan" finished-at="2024-11-05T13:00:54 ICT" duration-ms="7251" status="PASS">
          <reporter-output>
          </reporter-output>
        </test-method> <!-- buyVegan -->
        <test-method is-config="true" signature="closePage()[pri:0, instance:buyProducts.buyVegetables5@65b3a85a]" started-at="2024-11-05T13:01:00 ICT" name="closePage" finished-at="2024-11-05T13:01:00 ICT" duration-ms="82" status="PASS">
          <reporter-output>
          </reporter-output>
        </test-method> <!-- closePage -->
      </class> <!-- buyProducts.buyVegetables5 -->
      <class name="buyProducts.buyVegetables6">
        <test-method is-config="true" signature="toGo()[pri:0, instance:buyProducts.buyVegetables6@3a62c01e]" started-at="2024-11-05T13:00:44 ICT" name="toGo" finished-at="2024-11-05T13:00:47 ICT" duration-ms="2435" status="PASS">
          <reporter-output>
          </reporter-output>
        </test-method> <!-- toGo -->
        <test-method signature="buyVegan()[pri:0, instance:buyProducts.buyVegetables6@3a62c01e]" started-at="2024-11-05T13:00:54 ICT" name="buyVegan" finished-at="2024-11-05T13:01:00 ICT" duration-ms="6521" status="PASS">
          <reporter-output>
          </reporter-output>
        </test-method> <!-- buyVegan -->
        <test-method is-config="true" signature="closePage()[pri:0, instance:buyProducts.buyVegetables6@3a62c01e]" started-at="2024-11-05T13:01:00 ICT" name="closePage" finished-at="2024-11-05T13:01:01 ICT" duration-ms="80" status="PASS">
          <reporter-output>
          </reporter-output>
        </test-method> <!-- closePage -->
      </class> <!-- buyProducts.buyVegetables6 -->
    </test> <!-- Test2 -->
    <test started-at="2024-11-05T13:00:42 ICT" name="Test" finished-at="2024-11-05T13:01:18 ICT" duration-ms="36041">
      <class name="buyProducts.buyVegetables2">
        <test-method is-config="true" signature="toGo()[pri:0, instance:buyProducts.buyVegetables2@a22cb6a]" started-at="2024-11-05T13:00:42 ICT" name="toGo" finished-at="2024-11-05T13:00:44 ICT" duration-ms="2380" status="PASS">
          <reporter-output>
          </reporter-output>
        </test-method> <!-- toGo -->
        <test-method signature="buyVegan()[pri:0, instance:buyProducts.buyVegetables2@a22cb6a]" started-at="2024-11-05T13:01:02 ICT" name="buyVegan" finished-at="2024-11-05T13:01:07 ICT" duration-ms="5630" status="PASS">
          <reporter-output>
          </reporter-output>
        </test-method> <!-- buyVegan -->
        <test-method is-config="true" signature="closePage()[pri:0, instance:buyProducts.buyVegetables2@a22cb6a]" started-at="2024-11-05T13:01:18 ICT" name="closePage" finished-at="2024-11-05T13:01:18 ICT" duration-ms="114" status="PASS">
          <reporter-output>
          </reporter-output>
        </test-method> <!-- closePage -->
      </class> <!-- buyProducts.buyVegetables2 -->
      <class name="buyProducts.buyVegetables3">
        <test-method is-config="true" signature="toGo()[pri:0, instance:buyProducts.buyVegetables3@362045c0]" started-at="2024-11-05T13:00:44 ICT" name="toGo" finished-at="2024-11-05T13:00:48 ICT" duration-ms="3444" status="PASS">
          <reporter-output>
          </reporter-output>
        </test-method> <!-- toGo -->
        <test-method signature="buyVegan()[pri:0, instance:buyProducts.buyVegetables3@362045c0]" started-at="2024-11-05T13:01:07 ICT" name="buyVegan" finished-at="2024-11-05T13:01:12 ICT" duration-ms="5242" status="PASS">
          <reporter-output>
          </reporter-output>
        </test-method> <!-- buyVegan -->
        <test-method is-config="true" signature="closePage()[pri:0, instance:buyProducts.buyVegetables3@362045c0]" started-at="2024-11-05T13:01:18 ICT" name="closePage" finished-at="2024-11-05T13:01:18 ICT" duration-ms="66" status="PASS">
          <reporter-output>
          </reporter-output>
        </test-method> <!-- closePage -->
      </class> <!-- buyProducts.buyVegetables3 -->
      <class name="buyProducts.buyVegetables4">
        <test-method is-config="true" signature="toGo()[pri:0, instance:buyProducts.buyVegetables4@3bd418e4]" started-at="2024-11-05T13:00:48 ICT" name="toGo" finished-at="2024-11-05T13:01:02 ICT" duration-ms="13792" status="PASS">
          <reporter-output>
          </reporter-output>
        </test-method> <!-- toGo -->
        <test-method signature="buyVegan()[pri:0, instance:buyProducts.buyVegetables4@3bd418e4]" started-at="2024-11-05T13:01:12 ICT" name="buyVegan" finished-at="2024-11-05T13:01:18 ICT" duration-ms="5213" status="PASS">
          <reporter-output>
          </reporter-output>
        </test-method> <!-- buyVegan -->
        <test-method is-config="true" signature="closePage()[pri:0, instance:buyProducts.buyVegetables4@3bd418e4]" started-at="2024-11-05T13:01:18 ICT" name="closePage" finished-at="2024-11-05T13:01:18 ICT" duration-ms="137" status="PASS">
          <reporter-output>
          </reporter-output>
        </test-method> <!-- closePage -->
      </class> <!-- buyProducts.buyVegetables4 -->
    </test> <!-- Test -->
  </suite> <!-- Buy Vegetables -->
</testng-results>
