<?xml version="1.0" encoding="UTF-8"?>
<testsuite xmlns:xsi="http://www.w3.org/2001/XMLSchema-instance" xsi:noNamespaceSchemaLocation="https://maven.apache.org/surefire/maven-surefire-plugin/xsd/surefire-test-report.xsd" version="3.0.2" name="TestSuite" time="42.569" tests="5" errors="0" skipped="0" failures="0">
  <properties>
[...]
</properties>
  <testcase name="buyVegan" classname="buyProducts.buyVegetables5" time="7.25">
    <system-out><![CDATA[[[[ChromeDriver: chrome on mac (d8d23e33cfedb55470851f696e4113d2)] -> css selector: div[class='product'] h4], [[ChromeDriver: chrome on mac (d8d23e33cfedb55470851f696e4113d2)] -> css selector: div[class='product'] h4], [[ChromeDriver: chrome on mac (d8d23e33cfedb55470851f696e4113d2)] -> css selector: div[class='product'] h4], [[ChromeDriver: chrome on mac (d8d23e33cfedb55470851f696e4113d2)] -> css selector: div[class='product'] h4], [[ChromeDriver: chrome on mac (d8d23e33cfedb55470851f696e4113d2)] -> css selector: div[class='product'] h4], [[ChromeDriver: chrome on mac (d8d23e33cfedb55470851f696e4113d2)] -> css selector: div[class='product'] h4], [[ChromeDriver: chrome on mac (d8d23e33cfedb55470851f696e4113d2)] -> css selector: div[class='product'] h4], [[ChromeDriver: chrome on mac (d8d23e33cfedb55470851f696e4113d2)] -> css selector: div[class='product'] h4], [[ChromeDriver: chrome on mac (d8d23e33cfedb55470851f696e4113d2)] -> css selector: div[class='product'] h4], [[ChromeDriver: chrome on mac (d8d23e33cfedb55470851f696e4113d2)] -> css selector: div[class='product'] h4], [[ChromeDriver: chrome on mac (d8d23e33cfedb55470851f696e4113d2)] -> css selector: div[class='product'] h4], [[ChromeDriver: chrome on mac (d8d23e33cfedb55470851f696e4113d2)] -> css selector: div[class='product'] h4], [[ChromeDriver: chrome on mac (d8d23e33cfedb55470851f696e4113d2)] -> css selector: div[class='product'] h4], [[ChromeDriver: chrome on mac (d8d23e33cfedb55470851f696e4113d2)] -> css selector: div[class='product'] h4], [[ChromeDriver: chrome on mac (d8d23e33cfedb55470851f696e4113d2)] -> css selector: div[class='product'] h4], [[ChromeDriver: chrome on mac (d8d23e33cfedb55470851f696e4113d2)] -> css selector: div[class='product'] h4], [[ChromeDriver: chrome on mac (d8d23e33cfedb55470851f696e4113d2)] -> css selector: div[class='product'] h4], [[ChromeDriver: chrome on mac (d8d23e33cfedb55470851f696e4113d2)] -> css selector: div[class='product'] h4], [[ChromeDriver: chrome on mac (d8d23e33cfedb55470851f696e4113d2)] -> css selector: div[class='product'] h4], [[ChromeDriver: chrome on mac (d8d23e33cfedb55470851f696e4113d2)] -> css selector: div[class='product'] h4], [[ChromeDriver: chrome on mac (d8d23e33cfedb55470851f696e4113d2)] -> css selector: div[class='product'] h4], [[ChromeDriver: chrome on mac (d8d23e33cfedb55470851f696e4113d2)] -> css selector: div[class='product'] h4], [[ChromeDriver: chrome on mac (d8d23e33cfedb55470851f696e4113d2)] -> css selector: div[class='product'] h4], [[ChromeDriver: chrome on mac (d8d23e33cfedb55470851f696e4113d2)] -> css selector: div[class='product'] h4], [[ChromeDriver: chrome on mac (d8d23e33cfedb55470851f696e4113d2)] -> css selector: div[class='product'] h4], [[ChromeDriver: chrome on mac (d8d23e33cfedb55470851f696e4113d2)] -> css selector: div[class='product'] h4], [[ChromeDriver: chrome on mac (d8d23e33cfedb55470851f696e4113d2)] -> css selector: div[class='product'] h4], [[ChromeDriver: chrome on mac (d8d23e33cfedb55470851f696e4113d2)] -> css selector: div[class='product'] h4], [[ChromeDriver: chrome on mac (d8d23e33cfedb55470851f696e4113d2)] -> css selector: div[class='product'] h4], [[ChromeDriver: chrome on mac (d8d23e33cfedb55470851f696e4113d2)] -> css selector: div[class='product'] h4]]
[[[ChromeDriver: chrome on mac (d8d23e33cfedb55470851f696e4113d2)] -> css selector: div[class='product'] h4], [[ChromeDriver: chrome on mac (d8d23e33cfedb55470851f696e4113d2)] -> css selector: div[class='product'] h4], [[ChromeDriver: chrome on mac (d8d23e33cfedb55470851f696e4113d2)] -> css selector: div[class='product'] h4], [[ChromeDriver: chrome on mac (d8d23e33cfedb55470851f696e4113d2)] -> css selector: div[class='product'] h4], [[ChromeDriver: chrome on mac (d8d23e33cfedb55470851f696e4113d2)] -> css selector: div[class='product'] h4], [[ChromeDriver: chrome on mac (d8d23e33cfedb55470851f696e4113d2)] -> css selector: div[class='product'] h4], [[ChromeDriver: chrome on mac (d8d23e33cfedb55470851f696e4113d2)] -> css selector: div[class='product'] h4], [[ChromeDriver: chrome on mac (d8d23e33cfedb55470851f696e4113d2)] -> css selector: div[class='product'] h4], [[ChromeDriver: chrome on mac (d8d23e33cfedb55470851f696e4113d2)] -> css selector: div[class='product'] h4], [[ChromeDriver: chrome on mac (d8d23e33cfedb55470851f696e4113d2)] -> css selector: div[class='product'] h4], [[ChromeDriver: chrome on mac (d8d23e33cfedb55470851f696e4113d2)] -> css selector: div[class='product'] h4], [[ChromeDriver: chrome on mac (d8d23e33cfedb55470851f696e4113d2)] -> css selector: div[class='product'] h4], [[ChromeDriver: chrome on mac (d8d23e33cfedb55470851f696e4113d2)] -> css selector: div[class='product'] h4], [[ChromeDriver: chrome on mac (d8d23e33cfedb55470851f696e4113d2)] -> css selector: div[class='product'] h4], [[ChromeDriver: chrome on mac (d8d23e33cfedb55470851f696e4113d2)] -> css selector: div[class='product'] h4], [[ChromeDriver: chrome on mac (d8d23e33cfedb55470851f696e4113d2)] -> css selector: div[class='product'] h4], [[ChromeDriver: chrome on mac (d8d23e33cfedb55470851f696e4113d2)] -> css selector: div[class='product'] h4], [[ChromeDriver: chrome on mac (d8d23e33cfedb55470851f696e4113d2)] -> css selector: div[class='product'] h4], [[ChromeDriver: chrome on mac (d8d23e33cfedb55470851f696e4113d2)] -> css selector: div[class='product'] h4], [[ChromeDriver: chrome on mac (d8d23e33cfedb55470851f696e4113d2)] -> css selector: div[class='product'] h4], [[ChromeDriver: chrome on mac (d8d23e33cfedb55470851f696e4113d2)] -> css selector: div[class='product'] h4], [[ChromeDriver: chrome on mac (d8d23e33cfedb55470851f696e4113d2)] -> css selector: div[class='product'] h4], [[ChromeDriver: chrome on mac (d8d23e33cfedb55470851f696e4113d2)] -> css selector: div[class='product'] h4], [[ChromeDriver: chrome on mac (d8d23e33cfedb55470851f696e4113d2)] -> css selector: div[class='product'] h4], [[ChromeDriver: chrome on mac (d8d23e33cfedb55470851f696e4113d2)] -> css selector: div[class='product'] h4], [[ChromeDriver: chrome on mac (d8d23e33cfedb55470851f696e4113d2)] -> css selector: div[class='product'] h4], [[ChromeDriver: chrome on mac (d8d23e33cfedb55470851f696e4113d2)] -> css selector: div[class='product'] h4], [[ChromeDriver: chrome on mac (d8d23e33cfedb55470851f696e4113d2)] -> css selector: div[class='product'] h4], [[ChromeDriver: chrome on mac (d8d23e33cfedb55470851f696e4113d2)] -> css selector: div[class='product'] h4], [[ChromeDriver: chrome on mac (d8d23e33cfedb55470851f696e4113d2)] -> css selector: div[class='product'] h4]]
Thank you, your order has been placed successfully
You'll be redirected to Home page shortly!!
]]></system-out>
    <system-err><![CDATA[SLF4J: Failed to load class "org.slf4j.impl.StaticLoggerBinder".
SLF4J: Defaulting to no-operation (NOP) logger implementation
SLF4J: See http://www.slf4j.org/codes.html#StaticLoggerBinder for further details.
]]></system-err>
  </testcase>
  <testcase name="buyVegan" classname="buyProducts.buyVegetables6" time="6.52">
    <system-out><![CDATA[[[[ChromeDriver: chrome on mac (973834391f4837e2c2d25857aa780c1e)] -> css selector: div[class='product'] h4], [[ChromeDriver: chrome on mac (973834391f4837e2c2d25857aa780c1e)] -> css selector: div[class='product'] h4], [[ChromeDriver: chrome on mac (973834391f4837e2c2d25857aa780c1e)] -> css selector: div[class='product'] h4], [[ChromeDriver: chrome on mac (973834391f4837e2c2d25857aa780c1e)] -> css selector: div[class='product'] h4], [[ChromeDriver: chrome on mac (973834391f4837e2c2d25857aa780c1e)] -> css selector: div[class='product'] h4], [[ChromeDriver: chrome on mac (973834391f4837e2c2d25857aa780c1e)] -> css selector: div[class='product'] h4], [[ChromeDriver: chrome on mac (973834391f4837e2c2d25857aa780c1e)] -> css selector: div[class='product'] h4], [[ChromeDriver: chrome on mac (973834391f4837e2c2d25857aa780c1e)] -> css selector: div[class='product'] h4], [[ChromeDriver: chrome on mac (973834391f4837e2c2d25857aa780c1e)] -> css selector: div[class='product'] h4], [[ChromeDriver: chrome on mac (973834391f4837e2c2d25857aa780c1e)] -> css selector: div[class='product'] h4], [[ChromeDriver: chrome on mac (973834391f4837e2c2d25857aa780c1e)] -> css selector: div[class='product'] h4], [[ChromeDriver: chrome on mac (973834391f4837e2c2d25857aa780c1e)] -> css selector: div[class='product'] h4], [[ChromeDriver: chrome on mac (973834391f4837e2c2d25857aa780c1e)] -> css selector: div[class='product'] h4], [[ChromeDriver: chrome on mac (973834391f4837e2c2d25857aa780c1e)] -> css selector: div[class='product'] h4], [[ChromeDriver: chrome on mac (973834391f4837e2c2d25857aa780c1e)] -> css selector: div[class='product'] h4], [[ChromeDriver: chrome on mac (973834391f4837e2c2d25857aa780c1e)] -> css selector: div[class='product'] h4], [[ChromeDriver: chrome on mac (973834391f4837e2c2d25857aa780c1e)] -> css selector: div[class='product'] h4], [[ChromeDriver: chrome on mac (973834391f4837e2c2d25857aa780c1e)] -> css selector: div[class='product'] h4], [[ChromeDriver: chrome on mac (973834391f4837e2c2d25857aa780c1e)] -> css selector: div[class='product'] h4], [[ChromeDriver: chrome on mac (973834391f4837e2c2d25857aa780c1e)] -> css selector: div[class='product'] h4], [[ChromeDriver: chrome on mac (973834391f4837e2c2d25857aa780c1e)] -> css selector: div[class='product'] h4], [[ChromeDriver: chrome on mac (973834391f4837e2c2d25857aa780c1e)] -> css selector: div[class='product'] h4], [[ChromeDriver: chrome on mac (973834391f4837e2c2d25857aa780c1e)] -> css selector: div[class='product'] h4], [[ChromeDriver: chrome on mac (973834391f4837e2c2d25857aa780c1e)] -> css selector: div[class='product'] h4], [[ChromeDriver: chrome on mac (973834391f4837e2c2d25857aa780c1e)] -> css selector: div[class='product'] h4], [[ChromeDriver: chrome on mac (973834391f4837e2c2d25857aa780c1e)] -> css selector: div[class='product'] h4], [[ChromeDriver: chrome on mac (973834391f4837e2c2d25857aa780c1e)] -> css selector: div[class='product'] h4], [[ChromeDriver: chrome on mac (973834391f4837e2c2d25857aa780c1e)] -> css selector: div[class='product'] h4], [[ChromeDriver: chrome on mac (973834391f4837e2c2d25857aa780c1e)] -> css selector: div[class='product'] h4], [[ChromeDriver: chrome on mac (973834391f4837e2c2d25857aa780c1e)] -> css selector: div[class='product'] h4]]
[[[ChromeDriver: chrome on mac (973834391f4837e2c2d25857aa780c1e)] -> css selector: div[class='product'] h4], [[ChromeDriver: chrome on mac (973834391f4837e2c2d25857aa780c1e)] -> css selector: div[class='product'] h4], [[ChromeDriver: chrome on mac (973834391f4837e2c2d25857aa780c1e)] -> css selector: div[class='product'] h4], [[ChromeDriver: chrome on mac (973834391f4837e2c2d25857aa780c1e)] -> css selector: div[class='product'] h4], [[ChromeDriver: chrome on mac (973834391f4837e2c2d25857aa780c1e)] -> css selector: div[class='product'] h4], [[ChromeDriver: chrome on mac (973834391f4837e2c2d25857aa780c1e)] -> css selector: div[class='product'] h4], [[ChromeDriver: chrome on mac (973834391f4837e2c2d25857aa780c1e)] -> css selector: div[class='product'] h4], [[ChromeDriver: chrome on mac (973834391f4837e2c2d25857aa780c1e)] -> css selector: div[class='product'] h4], [[ChromeDriver: chrome on mac (973834391f4837e2c2d25857aa780c1e)] -> css selector: div[class='product'] h4], [[ChromeDriver: chrome on mac (973834391f4837e2c2d25857aa780c1e)] -> css selector: div[class='product'] h4], [[ChromeDriver: chrome on mac (973834391f4837e2c2d25857aa780c1e)] -> css selector: div[class='product'] h4], [[ChromeDriver: chrome on mac (973834391f4837e2c2d25857aa780c1e)] -> css selector: div[class='product'] h4], [[ChromeDriver: chrome on mac (973834391f4837e2c2d25857aa780c1e)] -> css selector: div[class='product'] h4], [[ChromeDriver: chrome on mac (973834391f4837e2c2d25857aa780c1e)] -> css selector: div[class='product'] h4], [[ChromeDriver: chrome on mac (973834391f4837e2c2d25857aa780c1e)] -> css selector: div[class='product'] h4], [[ChromeDriver: chrome on mac (973834391f4837e2c2d25857aa780c1e)] -> css selector: div[class='product'] h4], [[ChromeDriver: chrome on mac (973834391f4837e2c2d25857aa780c1e)] -> css selector: div[class='product'] h4], [[ChromeDriver: chrome on mac (973834391f4837e2c2d25857aa780c1e)] -> css selector: div[class='product'] h4], [[ChromeDriver: chrome on mac (973834391f4837e2c2d25857aa780c1e)] -> css selector: div[class='product'] h4], [[ChromeDriver: chrome on mac (973834391f4837e2c2d25857aa780c1e)] -> css selector: div[class='product'] h4], [[ChromeDriver: chrome on mac (973834391f4837e2c2d25857aa780c1e)] -> css selector: div[class='product'] h4], [[ChromeDriver: chrome on mac (973834391f4837e2c2d25857aa780c1e)] -> css selector: div[class='product'] h4], [[ChromeDriver: chrome on mac (973834391f4837e2c2d25857aa780c1e)] -> css selector: div[class='product'] h4], [[ChromeDriver: chrome on mac (973834391f4837e2c2d25857aa780c1e)] -> css selector: div[class='product'] h4], [[ChromeDriver: chrome on mac (973834391f4837e2c2d25857aa780c1e)] -> css selector: div[class='product'] h4], [[ChromeDriver: chrome on mac (973834391f4837e2c2d25857aa780c1e)] -> css selector: div[class='product'] h4], [[ChromeDriver: chrome on mac (973834391f4837e2c2d25857aa780c1e)] -> css selector: div[class='product'] h4], [[ChromeDriver: chrome on mac (973834391f4837e2c2d25857aa780c1e)] -> css selector: div[class='product'] h4], [[ChromeDriver: chrome on mac (973834391f4837e2c2d25857aa780c1e)] -> css selector: div[class='product'] h4], [[ChromeDriver: chrome on mac (973834391f4837e2c2d25857aa780c1e)] -> css selector: div[class='product'] h4]]
Thank you, your order has been placed successfully
You'll be redirected to Home page shortly!!
]]></system-out>
  </testcase>
  <testcase name="buyVegan" classname="buyProducts.buyVegetables2" time="5.626">
    <system-out><![CDATA[[[[ChromeDriver: chrome on mac (a89afd17780cff211b3ee49b605fc3a8)] -> css selector: div[class='product'] h4], [[ChromeDriver: chrome on mac (a89afd17780cff211b3ee49b605fc3a8)] -> css selector: div[class='product'] h4], [[ChromeDriver: chrome on mac (a89afd17780cff211b3ee49b605fc3a8)] -> css selector: div[class='product'] h4], [[ChromeDriver: chrome on mac (a89afd17780cff211b3ee49b605fc3a8)] -> css selector: div[class='product'] h4], [[ChromeDriver: chrome on mac (a89afd17780cff211b3ee49b605fc3a8)] -> css selector: div[class='product'] h4], [[ChromeDriver: chrome on mac (a89afd17780cff211b3ee49b605fc3a8)] -> css selector: div[class='product'] h4], [[ChromeDriver: chrome on mac (a89afd17780cff211b3ee49b605fc3a8)] -> css selector: div[class='product'] h4], [[ChromeDriver: chrome on mac (a89afd17780cff211b3ee49b605fc3a8)] -> css selector: div[class='product'] h4], [[ChromeDriver: chrome on mac (a89afd17780cff211b3ee49b605fc3a8)] -> css selector: div[class='product'] h4], [[ChromeDriver: chrome on mac (a89afd17780cff211b3ee49b605fc3a8)] -> css selector: div[class='product'] h4], [[ChromeDriver: chrome on mac (a89afd17780cff211b3ee49b605fc3a8)] -> css selector: div[class='product'] h4], [[ChromeDriver: chrome on mac (a89afd17780cff211b3ee49b605fc3a8)] -> css selector: div[class='product'] h4], [[ChromeDriver: chrome on mac (a89afd17780cff211b3ee49b605fc3a8)] -> css selector: div[class='product'] h4], [[ChromeDriver: chrome on mac (a89afd17780cff211b3ee49b605fc3a8)] -> css selector: div[class='product'] h4], [[ChromeDriver: chrome on mac (a89afd17780cff211b3ee49b605fc3a8)] -> css selector: div[class='product'] h4], [[ChromeDriver: chrome on mac (a89afd17780cff211b3ee49b605fc3a8)] -> css selector: div[class='product'] h4], [[ChromeDriver: chrome on mac (a89afd17780cff211b3ee49b605fc3a8)] -> css selector: div[class='product'] h4], [[ChromeDriver: chrome on mac (a89afd17780cff211b3ee49b605fc3a8)] -> css selector: div[class='product'] h4], [[ChromeDriver: chrome on mac (a89afd17780cff211b3ee49b605fc3a8)] -> css selector: div[class='product'] h4], [[ChromeDriver: chrome on mac (a89afd17780cff211b3ee49b605fc3a8)] -> css selector: div[class='product'] h4], [[ChromeDriver: chrome on mac (a89afd17780cff211b3ee49b605fc3a8)] -> css selector: div[class='product'] h4], [[ChromeDriver: chrome on mac (a89afd17780cff211b3ee49b605fc3a8)] -> css selector: div[class='product'] h4], [[ChromeDriver: chrome on mac (a89afd17780cff211b3ee49b605fc3a8)] -> css selector: div[class='product'] h4], [[ChromeDriver: chrome on mac (a89afd17780cff211b3ee49b605fc3a8)] -> css selector: div[class='product'] h4], [[ChromeDriver: chrome on mac (a89afd17780cff211b3ee49b605fc3a8)] -> css selector: div[class='product'] h4], [[ChromeDriver: chrome on mac (a89afd17780cff211b3ee49b605fc3a8)] -> css selector: div[class='product'] h4], [[ChromeDriver: chrome on mac (a89afd17780cff211b3ee49b605fc3a8)] -> css selector: div[class='product'] h4], [[ChromeDriver: chrome on mac (a89afd17780cff211b3ee49b605fc3a8)] -> css selector: div[class='product'] h4], [[ChromeDriver: chrome on mac (a89afd17780cff211b3ee49b605fc3a8)] -> css selector: div[class='product'] h4], [[ChromeDriver: chrome on mac (a89afd17780cff211b3ee49b605fc3a8)] -> css selector: div[class='product'] h4]]
[[[ChromeDriver: chrome on mac (a89afd17780cff211b3ee49b605fc3a8)] -> css selector: div[class='product'] h4], [[ChromeDriver: chrome on mac (a89afd17780cff211b3ee49b605fc3a8)] -> css selector: div[class='product'] h4], [[ChromeDriver: chrome on mac (a89afd17780cff211b3ee49b605fc3a8)] -> css selector: div[class='product'] h4], [[ChromeDriver: chrome on mac (a89afd17780cff211b3ee49b605fc3a8)] -> css selector: div[class='product'] h4], [[ChromeDriver: chrome on mac (a89afd17780cff211b3ee49b605fc3a8)] -> css selector: div[class='product'] h4], [[ChromeDriver: chrome on mac (a89afd17780cff211b3ee49b605fc3a8)] -> css selector: div[class='product'] h4], [[ChromeDriver: chrome on mac (a89afd17780cff211b3ee49b605fc3a8)] -> css selector: div[class='product'] h4], [[ChromeDriver: chrome on mac (a89afd17780cff211b3ee49b605fc3a8)] -> css selector: div[class='product'] h4], [[ChromeDriver: chrome on mac (a89afd17780cff211b3ee49b605fc3a8)] -> css selector: div[class='product'] h4], [[ChromeDriver: chrome on mac (a89afd17780cff211b3ee49b605fc3a8)] -> css selector: div[class='product'] h4], [[ChromeDriver: chrome on mac (a89afd17780cff211b3ee49b605fc3a8)] -> css selector: div[class='product'] h4], [[ChromeDriver: chrome on mac (a89afd17780cff211b3ee49b605fc3a8)] -> css selector: div[class='product'] h4], [[ChromeDriver: chrome on mac (a89afd17780cff211b3ee49b605fc3a8)] -> css selector: div[class='product'] h4], [[ChromeDriver: chrome on mac (a89afd17780cff211b3ee49b605fc3a8)] -> css selector: div[class='product'] h4], [[ChromeDriver: chrome on mac (a89afd17780cff211b3ee49b605fc3a8)] -> css selector: div[class='product'] h4], [[ChromeDriver: chrome on mac (a89afd17780cff211b3ee49b605fc3a8)] -> css selector: div[class='product'] h4], [[ChromeDriver: chrome on mac (a89afd17780cff211b3ee49b605fc3a8)] -> css selector: div[class='product'] h4], [[ChromeDriver: chrome on mac (a89afd17780cff211b3ee49b605fc3a8)] -> css selector: div[class='product'] h4], [[ChromeDriver: chrome on mac (a89afd17780cff211b3ee49b605fc3a8)] -> css selector: div[class='product'] h4], [[ChromeDriver: chrome on mac (a89afd17780cff211b3ee49b605fc3a8)] -> css selector: div[class='product'] h4], [[ChromeDriver: chrome on mac (a89afd17780cff211b3ee49b605fc3a8)] -> css selector: div[class='product'] h4], [[ChromeDriver: chrome on mac (a89afd17780cff211b3ee49b605fc3a8)] -> css selector: div[class='product'] h4], [[ChromeDriver: chrome on mac (a89afd17780cff211b3ee49b605fc3a8)] -> css selector: div[class='product'] h4], [[ChromeDriver: chrome on mac (a89afd17780cff211b3ee49b605fc3a8)] -> css selector: div[class='product'] h4], [[ChromeDriver: chrome on mac (a89afd17780cff211b3ee49b605fc3a8)] -> css selector: div[class='product'] h4], [[ChromeDriver: chrome on mac (a89afd17780cff211b3ee49b605fc3a8)] -> css selector: div[class='product'] h4], [[ChromeDriver: chrome on mac (a89afd17780cff211b3ee49b605fc3a8)] -> css selector: div[class='product'] h4], [[ChromeDriver: chrome on mac (a89afd17780cff211b3ee49b605fc3a8)] -> css selector: div[class='product'] h4], [[ChromeDriver: chrome on mac (a89afd17780cff211b3ee49b605fc3a8)] -> css selector: div[class='product'] h4], [[ChromeDriver: chrome on mac (a89afd17780cff211b3ee49b605fc3a8)] -> css selector: div[class='product'] h4]]
Thank you, your order has been placed successfully
You'll be redirected to Home page shortly!!
]]></system-out>
  </testcase>
  <testcase name="buyVegan" classname="buyProducts.buyVegetables3" time="5.242">
    <system-out><![CDATA[[[[ChromeDriver: chrome on mac (c8be70e2407b50c359b12e34bb8510db)] -> css selector: div[class='product'] h4], [[ChromeDriver: chrome on mac (c8be70e2407b50c359b12e34bb8510db)] -> css selector: div[class='product'] h4], [[ChromeDriver: chrome on mac (c8be70e2407b50c359b12e34bb8510db)] -> css selector: div[class='product'] h4], [[ChromeDriver: chrome on mac (c8be70e2407b50c359b12e34bb8510db)] -> css selector: div[class='product'] h4], [[ChromeDriver: chrome on mac (c8be70e2407b50c359b12e34bb8510db)] -> css selector: div[class='product'] h4], [[ChromeDriver: chrome on mac (c8be70e2407b50c359b12e34bb8510db)] -> css selector: div[class='product'] h4], [[ChromeDriver: chrome on mac (c8be70e2407b50c359b12e34bb8510db)] -> css selector: div[class='product'] h4], [[ChromeDriver: chrome on mac (c8be70e2407b50c359b12e34bb8510db)] -> css selector: div[class='product'] h4], [[ChromeDriver: chrome on mac (c8be70e2407b50c359b12e34bb8510db)] -> css selector: div[class='product'] h4], [[ChromeDriver: chrome on mac (c8be70e2407b50c359b12e34bb8510db)] -> css selector: div[class='product'] h4], [[ChromeDriver: chrome on mac (c8be70e2407b50c359b12e34bb8510db)] -> css selector: div[class='product'] h4], [[ChromeDriver: chrome on mac (c8be70e2407b50c359b12e34bb8510db)] -> css selector: div[class='product'] h4], [[ChromeDriver: chrome on mac (c8be70e2407b50c359b12e34bb8510db)] -> css selector: div[class='product'] h4], [[ChromeDriver: chrome on mac (c8be70e2407b50c359b12e34bb8510db)] -> css selector: div[class='product'] h4], [[ChromeDriver: chrome on mac (c8be70e2407b50c359b12e34bb8510db)] -> css selector: div[class='product'] h4], [[ChromeDriver: chrome on mac (c8be70e2407b50c359b12e34bb8510db)] -> css selector: div[class='product'] h4], [[ChromeDriver: chrome on mac (c8be70e2407b50c359b12e34bb8510db)] -> css selector: div[class='product'] h4], [[ChromeDriver: chrome on mac (c8be70e2407b50c359b12e34bb8510db)] -> css selector: div[class='product'] h4], [[ChromeDriver: chrome on mac (c8be70e2407b50c359b12e34bb8510db)] -> css selector: div[class='product'] h4], [[ChromeDriver: chrome on mac (c8be70e2407b50c359b12e34bb8510db)] -> css selector: div[class='product'] h4], [[ChromeDriver: chrome on mac (c8be70e2407b50c359b12e34bb8510db)] -> css selector: div[class='product'] h4], [[ChromeDriver: chrome on mac (c8be70e2407b50c359b12e34bb8510db)] -> css selector: div[class='product'] h4], [[ChromeDriver: chrome on mac (c8be70e2407b50c359b12e34bb8510db)] -> css selector: div[class='product'] h4], [[ChromeDriver: chrome on mac (c8be70e2407b50c359b12e34bb8510db)] -> css selector: div[class='product'] h4], [[ChromeDriver: chrome on mac (c8be70e2407b50c359b12e34bb8510db)] -> css selector: div[class='product'] h4], [[ChromeDriver: chrome on mac (c8be70e2407b50c359b12e34bb8510db)] -> css selector: div[class='product'] h4], [[ChromeDriver: chrome on mac (c8be70e2407b50c359b12e34bb8510db)] -> css selector: div[class='product'] h4], [[ChromeDriver: chrome on mac (c8be70e2407b50c359b12e34bb8510db)] -> css selector: div[class='product'] h4], [[ChromeDriver: chrome on mac (c8be70e2407b50c359b12e34bb8510db)] -> css selector: div[class='product'] h4], [[ChromeDriver: chrome on mac (c8be70e2407b50c359b12e34bb8510db)] -> css selector: div[class='product'] h4]]
[[[ChromeDriver: chrome on mac (c8be70e2407b50c359b12e34bb8510db)] -> css selector: div[class='product'] h4], [[ChromeDriver: chrome on mac (c8be70e2407b50c359b12e34bb8510db)] -> css selector: div[class='product'] h4], [[ChromeDriver: chrome on mac (c8be70e2407b50c359b12e34bb8510db)] -> css selector: div[class='product'] h4], [[ChromeDriver: chrome on mac (c8be70e2407b50c359b12e34bb8510db)] -> css selector: div[class='product'] h4], [[ChromeDriver: chrome on mac (c8be70e2407b50c359b12e34bb8510db)] -> css selector: div[class='product'] h4], [[ChromeDriver: chrome on mac (c8be70e2407b50c359b12e34bb8510db)] -> css selector: div[class='product'] h4], [[ChromeDriver: chrome on mac (c8be70e2407b50c359b12e34bb8510db)] -> css selector: div[class='product'] h4], [[ChromeDriver: chrome on mac (c8be70e2407b50c359b12e34bb8510db)] -> css selector: div[class='product'] h4], [[ChromeDriver: chrome on mac (c8be70e2407b50c359b12e34bb8510db)] -> css selector: div[class='product'] h4], [[ChromeDriver: chrome on mac (c8be70e2407b50c359b12e34bb8510db)] -> css selector: div[class='product'] h4], [[ChromeDriver: chrome on mac (c8be70e2407b50c359b12e34bb8510db)] -> css selector: div[class='product'] h4], [[ChromeDriver: chrome on mac (c8be70e2407b50c359b12e34bb8510db)] -> css selector: div[class='product'] h4], [[ChromeDriver: chrome on mac (c8be70e2407b50c359b12e34bb8510db)] -> css selector: div[class='product'] h4], [[ChromeDriver: chrome on mac (c8be70e2407b50c359b12e34bb8510db)] -> css selector: div[class='product'] h4], [[ChromeDriver: chrome on mac (c8be70e2407b50c359b12e34bb8510db)] -> css selector: div[class='product'] h4], [[ChromeDriver: chrome on mac (c8be70e2407b50c359b12e34bb8510db)] -> css selector: div[class='product'] h4], [[ChromeDriver: chrome on mac (c8be70e2407b50c359b12e34bb8510db)] -> css selector: div[class='product'] h4], [[ChromeDriver: chrome on mac (c8be70e2407b50c359b12e34bb8510db)] -> css selector: div[class='product'] h4], [[ChromeDriver: chrome on mac (c8be70e2407b50c359b12e34bb8510db)] -> css selector: div[class='product'] h4], [[ChromeDriver: chrome on mac (c8be70e2407b50c359b12e34bb8510db)] -> css selector: div[class='product'] h4], [[ChromeDriver: chrome on mac (c8be70e2407b50c359b12e34bb8510db)] -> css selector: div[class='product'] h4], [[ChromeDriver: chrome on mac (c8be70e2407b50c359b12e34bb8510db)] -> css selector: div[class='product'] h4], [[ChromeDriver: chrome on mac (c8be70e2407b50c359b12e34bb8510db)] -> css selector: div[class='product'] h4], [[ChromeDriver: chrome on mac (c8be70e2407b50c359b12e34bb8510db)] -> css selector: div[class='product'] h4], [[ChromeDriver: chrome on mac (c8be70e2407b50c359b12e34bb8510db)] -> css selector: div[class='product'] h4], [[ChromeDriver: chrome on mac (c8be70e2407b50c359b12e34bb8510db)] -> css selector: div[class='product'] h4], [[ChromeDriver: chrome on mac (c8be70e2407b50c359b12e34bb8510db)] -> css selector: div[class='product'] h4], [[ChromeDriver: chrome on mac (c8be70e2407b50c359b12e34bb8510db)] -> css selector: div[class='product'] h4], [[ChromeDriver: chrome on mac (c8be70e2407b50c359b12e34bb8510db)] -> css selector: div[class='product'] h4], [[ChromeDriver: chrome on mac (c8be70e2407b50c359b12e34bb8510db)] -> css selector: div[class='product'] h4]]
Thank you, your order has been placed successfully
You'll be redirected to Home page shortly!!
]]></system-out>
  </testcase>
  <testcase name="buyVegan" classname="buyProducts.buyVegetables4" time="5.213">
    <system-out><![CDATA[[[[ChromeDriver: chrome on mac (3f121259116f97856ba57d84afeb83d3)] -> css selector: div[class='product'] h4], [[ChromeDriver: chrome on mac (3f121259116f97856ba57d84afeb83d3)] -> css selector: div[class='product'] h4], [[ChromeDriver: chrome on mac (3f121259116f97856ba57d84afeb83d3)] -> css selector: div[class='product'] h4], [[ChromeDriver: chrome on mac (3f121259116f97856ba57d84afeb83d3)] -> css selector: div[class='product'] h4], [[ChromeDriver: chrome on mac (3f121259116f97856ba57d84afeb83d3)] -> css selector: div[class='product'] h4], [[ChromeDriver: chrome on mac (3f121259116f97856ba57d84afeb83d3)] -> css selector: div[class='product'] h4], [[ChromeDriver: chrome on mac (3f121259116f97856ba57d84afeb83d3)] -> css selector: div[class='product'] h4], [[ChromeDriver: chrome on mac (3f121259116f97856ba57d84afeb83d3)] -> css selector: div[class='product'] h4], [[ChromeDriver: chrome on mac (3f121259116f97856ba57d84afeb83d3)] -> css selector: div[class='product'] h4], [[ChromeDriver: chrome on mac (3f121259116f97856ba57d84afeb83d3)] -> css selector: div[class='product'] h4], [[ChromeDriver: chrome on mac (3f121259116f97856ba57d84afeb83d3)] -> css selector: div[class='product'] h4], [[ChromeDriver: chrome on mac (3f121259116f97856ba57d84afeb83d3)] -> css selector: div[class='product'] h4], [[ChromeDriver: chrome on mac (3f121259116f97856ba57d84afeb83d3)] -> css selector: div[class='product'] h4], [[ChromeDriver: chrome on mac (3f121259116f97856ba57d84afeb83d3)] -> css selector: div[class='product'] h4], [[ChromeDriver: chrome on mac (3f121259116f97856ba57d84afeb83d3)] -> css selector: div[class='product'] h4], [[ChromeDriver: chrome on mac (3f121259116f97856ba57d84afeb83d3)] -> css selector: div[class='product'] h4], [[ChromeDriver: chrome on mac (3f121259116f97856ba57d84afeb83d3)] -> css selector: div[class='product'] h4], [[ChromeDriver: chrome on mac (3f121259116f97856ba57d84afeb83d3)] -> css selector: div[class='product'] h4], [[ChromeDriver: chrome on mac (3f121259116f97856ba57d84afeb83d3)] -> css selector: div[class='product'] h4], [[ChromeDriver: chrome on mac (3f121259116f97856ba57d84afeb83d3)] -> css selector: div[class='product'] h4], [[ChromeDriver: chrome on mac (3f121259116f97856ba57d84afeb83d3)] -> css selector: div[class='product'] h4], [[ChromeDriver: chrome on mac (3f121259116f97856ba57d84afeb83d3)] -> css selector: div[class='product'] h4], [[ChromeDriver: chrome on mac (3f121259116f97856ba57d84afeb83d3)] -> css selector: div[class='product'] h4], [[ChromeDriver: chrome on mac (3f121259116f97856ba57d84afeb83d3)] -> css selector: div[class='product'] h4], [[ChromeDriver: chrome on mac (3f121259116f97856ba57d84afeb83d3)] -> css selector: div[class='product'] h4], [[ChromeDriver: chrome on mac (3f121259116f97856ba57d84afeb83d3)] -> css selector: div[class='product'] h4], [[ChromeDriver: chrome on mac (3f121259116f97856ba57d84afeb83d3)] -> css selector: div[class='product'] h4], [[ChromeDriver: chrome on mac (3f121259116f97856ba57d84afeb83d3)] -> css selector: div[class='product'] h4], [[ChromeDriver: chrome on mac (3f121259116f97856ba57d84afeb83d3)] -> css selector: div[class='product'] h4], [[ChromeDriver: chrome on mac (3f121259116f97856ba57d84afeb83d3)] -> css selector: div[class='product'] h4]]
[[[ChromeDriver: chrome on mac (3f121259116f97856ba57d84afeb83d3)] -> css selector: div[class='product'] h4], [[ChromeDriver: chrome on mac (3f121259116f97856ba57d84afeb83d3)] -> css selector: div[class='product'] h4], [[ChromeDriver: chrome on mac (3f121259116f97856ba57d84afeb83d3)] -> css selector: div[class='product'] h4], [[ChromeDriver: chrome on mac (3f121259116f97856ba57d84afeb83d3)] -> css selector: div[class='product'] h4], [[ChromeDriver: chrome on mac (3f121259116f97856ba57d84afeb83d3)] -> css selector: div[class='product'] h4], [[ChromeDriver: chrome on mac (3f121259116f97856ba57d84afeb83d3)] -> css selector: div[class='product'] h4], [[ChromeDriver: chrome on mac (3f121259116f97856ba57d84afeb83d3)] -> css selector: div[class='product'] h4], [[ChromeDriver: chrome on mac (3f121259116f97856ba57d84afeb83d3)] -> css selector: div[class='product'] h4], [[ChromeDriver: chrome on mac (3f121259116f97856ba57d84afeb83d3)] -> css selector: div[class='product'] h4], [[ChromeDriver: chrome on mac (3f121259116f97856ba57d84afeb83d3)] -> css selector: div[class='product'] h4], [[ChromeDriver: chrome on mac (3f121259116f97856ba57d84afeb83d3)] -> css selector: div[class='product'] h4], [[ChromeDriver: chrome on mac (3f121259116f97856ba57d84afeb83d3)] -> css selector: div[class='product'] h4], [[ChromeDriver: chrome on mac (3f121259116f97856ba57d84afeb83d3)] -> css selector: div[class='product'] h4], [[ChromeDriver: chrome on mac (3f121259116f97856ba57d84afeb83d3)] -> css selector: div[class='product'] h4], [[ChromeDriver: chrome on mac (3f121259116f97856ba57d84afeb83d3)] -> css selector: div[class='product'] h4], [[ChromeDriver: chrome on mac (3f121259116f97856ba57d84afeb83d3)] -> css selector: div[class='product'] h4], [[ChromeDriver: chrome on mac (3f121259116f97856ba57d84afeb83d3)] -> css selector: div[class='product'] h4], [[ChromeDriver: chrome on mac (3f121259116f97856ba57d84afeb83d3)] -> css selector: div[class='product'] h4], [[ChromeDriver: chrome on mac (3f121259116f97856ba57d84afeb83d3)] -> css selector: div[class='product'] h4], [[ChromeDriver: chrome on mac (3f121259116f97856ba57d84afeb83d3)] -> css selector: div[class='product'] h4], [[ChromeDriver: chrome on mac (3f121259116f97856ba57d84afeb83d3)] -> css selector: div[class='product'] h4], [[ChromeDriver: chrome on mac (3f121259116f97856ba57d84afeb83d3)] -> css selector: div[class='product'] h4], [[ChromeDriver: chrome on mac (3f121259116f97856ba57d84afeb83d3)] -> css selector: div[class='product'] h4], [[ChromeDriver: chrome on mac (3f121259116f97856ba57d84afeb83d3)] -> css selector: div[class='product'] h4], [[ChromeDriver: chrome on mac (3f121259116f97856ba57d84afeb83d3)] -> css selector: div[class='product'] h4], [[ChromeDriver: chrome on mac (3f121259116f97856ba57d84afeb83d3)] -> css selector: div[class='product'] h4], [[ChromeDriver: chrome on mac (3f121259116f97856ba57d84afeb83d3)] -> css selector: div[class='product'] h4], [[ChromeDriver: chrome on mac (3f121259116f97856ba57d84afeb83d3)] -> css selector: div[class='product'] h4], [[ChromeDriver: chrome on mac (3f121259116f97856ba57d84afeb83d3)] -> css selector: div[class='product'] h4], [[ChromeDriver: chrome on mac (3f121259116f97856ba57d84afeb83d3)] -> css selector: div[class='product'] h4]]
Thank you, your order has been placed successfully
You'll be redirected to Home page shortly!!
]]></system-out>
  </testcase>
</testsuite>