<?xml version="1.0" encoding="UTF-8"?>
<!-- Generated by org.testng.reporters.JUnitXMLReporter -->
<testsuite ignored="0" hostname="192.168.1.7" failures="0" tests="3" name="Test" time="39.186" errors="0" timestamp="2024-11-05T08:57:37 ICT">
  <testcase classname="buyProducts.buyVegetables2" name="buyVegan" time="6.335"/>
  <testcase classname="buyProducts.buyVegetables3" name="buyVegan" time="5.367"/>
  <testcase classname="buyProducts.buyVegetables4" name="buyVegan" time="5.18"/>
</testsuite> <!-- Test -->
