<?xml version="1.0" encoding="UTF-8"?>
<testng-results ignored="0" total="1" passed="1" failed="0" skipped="0">
  <reporter-output>
  </reporter-output>
  <suite started-at="2024-10-25T15:00:23 ICT" name="Suite" finished-at="2024-10-25T15:00:32 ICT" duration-ms="9186">
    <groups>
    </groups>
    <test started-at="2024-10-25T15:00:23 ICT" name="Test2" finished-at="2024-10-25T15:00:32 ICT" duration-ms="9186">
      <class name="rahulshettyacademy.Tests.SubmitOrderTest">
        <test-method is-config="true" signature="launchApplication()[pri:0, instance:rahulshettyacademy.Tests.SubmitOrderTest@312aa7c]" started-at="2024-10-25T15:00:23 ICT" name="launchApplication" finished-at="2024-10-25T15:00:27 ICT" duration-ms="4570" status="PASS">
          <reporter-output>
          </reporter-output>
        </test-method> <!-- launchApplication -->
        <test-method signature="SubmitOrder()[pri:0, instance:rahulshettyacademy.Tests.SubmitOrderTest@312aa7c]" started-at="2024-10-25T15:00:27 ICT" name="SubmitOrder" finished-at="2024-10-25T15:00:32 ICT" duration-ms="4527" status="PASS">
          <reporter-output>
          </reporter-output>
        </test-method> <!-- SubmitOrder -->
        <test-method is-config="true" signature="tearDown()[pri:0, instance:rahulshettyacademy.Tests.SubmitOrderTest@312aa7c]" started-at="2024-10-25T15:00:32 ICT" name="tearDown" finished-at="2024-10-25T15:00:32 ICT" duration-ms="66" status="PASS">
          <reporter-output>
          </reporter-output>
        </test-method> <!-- tearDown -->
      </class> <!-- rahulshettyacademy.Tests.SubmitOrderTest -->
    </test> <!-- Test2 -->
  </suite> <!-- Suite -->
</testng-results>
