<?xml version="1.0" encoding="UTF-8"?>
<testng-results ignored="0" total="1" passed="1" failed="0" skipped="0">
  <reporter-output>
  </reporter-output>
  <suite started-at="2024-11-07T17:28:42 ICT" name="Default suite" finished-at="2024-11-07T17:28:48 ICT" duration-ms="5954">
    <groups>
    </groups>
    <test started-at="2024-11-07T17:28:42 ICT" name="Default test" finished-at="2024-11-07T17:28:48 ICT" duration-ms="5954">
      <class name="onlineShopping.RemoveChosenItemsFromOrderPage">
        <test-method signature="RemoveChosenItems()[pri:0, instance:onlineShopping.RemoveChosenItemsFromOrderPage@3835c46]" started-at="2024-11-07T17:28:42 ICT" name="RemoveChosenItems" finished-at="2024-11-07T17:28:48 ICT" duration-ms="5935" status="PASS">
          <reporter-output>
          </reporter-output>
        </test-method> <!-- RemoveChosenItems -->
      </class> <!-- onlineShopping.RemoveChosenItemsFromOrderPage -->
    </test> <!-- Default test -->
  </suite> <!-- Default suite -->
</testng-results>
