<?xml version="1.0" encoding="UTF-8"?>
<!-- Generated by org.testng.reporters.JUnitReportReporter -->
<testsuite hostname="192.168.1.8" failures="0" tests="2" name="rahulshettyacademy.Tests.ErrorValidation" time="10.853" errors="0" timestamp="2024-10-25T14:19:38 ICT" skipped="0">
  <testcase classname="rahulshettyacademy.Tests.ErrorValidation" name="LoginErrorValidation" time="5.431"/>
  <testcase classname="rahulshettyacademy.Tests.ErrorValidation" name="LoginErrorValidation" time="5.422"/>
</testsuite> <!-- rahulshettyacademy.Tests.ErrorValidation -->
